[2019-07-10 15:23:14] auto-update.NOTICE: Checking for a new update... [] []
[2019-07-10 15:23:14] auto-update.DEBUG: Get new updates from https://www.phpcrudgenerator.com/server-update/update.json [] []
[2019-07-10 15:23:14] auto-update.DEBUG: No new version available [] []
[2019-11-29 15:03:08] auto-update.NOTICE: Checking for a new update... [] []
[2019-11-29 15:03:08] auto-update.DEBUG: Get new updates from https://www.phpcrudgenerator.com/server-update/update.json [] []
[2019-11-29 15:03:10] auto-update.DEBUG: No new version available [] []
[2019-11-29 15:06:09] auto-update.NOTICE: Checking for a new update... [] []
[2019-11-29 15:06:09] auto-update.DEBUG: Got updates from cache [] []
[2019-11-29 15:06:09] auto-update.DEBUG: No new version available [] []
[2019-11-29 15:07:10] auto-update.NOTICE: Checking for a new update... [] []
[2019-11-29 15:07:10] auto-update.DEBUG: Got updates from cache [] []
[2019-11-29 15:07:10] auto-update.DEBUG: No new version available [] []
[2019-11-29 16:00:23] auto-update.NOTICE: Checking for a new update... [] []
[2019-11-29 16:00:23] auto-update.DEBUG: Got updates from cache [] []
[2019-11-29 16:00:23] auto-update.DEBUG: No new version available [] []
[2019-11-29 16:00:29] auto-update.NOTICE: Checking for a new update... [] []
[2019-11-29 16:00:29] auto-update.DEBUG: Got updates from cache [] []
[2019-11-29 16:00:29] auto-update.DEBUG: No new version available [] []
[2019-11-29 16:02:12] auto-update.NOTICE: Checking for a new update... [] []
[2019-11-29 16:02:12] auto-update.DEBUG: Got updates from cache [] []
[2019-11-29 16:02:12] auto-update.DEBUG: No new version available [] []
[2019-11-29 16:04:52] auto-update.NOTICE: Checking for a new update... [] []
[2019-11-29 16:04:52] auto-update.DEBUG: Get new updates from https://www.phpcrudgenerator.com/server-update/update.json [] []
[2019-11-29 16:04:52] auto-update.DEBUG: No new version available [] []
[2025-10-12T09:54:43.881069+00:00] default.NOTICE: Checking for a new update... [] []
[2025-10-12T09:54:43.886240+00:00] default.DEBUG: Get new updates from https://www.phpcrudgenerator.com/server-update-v2/update.json [] []
[2025-10-12T09:54:45.537649+00:00] default.DEBUG: No new version available [] []
[2025-10-12T09:56:12.202094+00:00] default.NOTICE: Checking for a new update... [] []
[2025-10-12T09:56:12.202507+00:00] default.DEBUG: Get new updates from https://www.phpcrudgenerator.com/server-update-v2/update.json [] []
[2025-10-12T09:56:12.944882+00:00] default.DEBUG: No new version available [] []
[2025-10-12T09:56:51.441008+00:00] default.NOTICE: Checking for a new update... [] []
[2025-10-12T09:56:51.441932+00:00] default.DEBUG: Get new updates from https://www.phpcrudgenerator.com/server-update-v2/update.json [] []
[2025-10-12T09:56:52.205079+00:00] default.DEBUG: No new version available [] []
[2025-10-12T10:04:31.486576+00:00] default.NOTICE: Checking for a new update... [] []
[2025-10-12T10:04:31.487073+00:00] default.DEBUG: Get new updates from https://www.phpcrudgenerator.com/server-update-v2/update.json [] []
[2025-10-12T10:04:32.612168+00:00] default.DEBUG: No new version available [] []
[2025-10-12T10:52:36.733056+00:00] default.NOTICE: Checking for a new update... [] []
[2025-10-12T10:52:36.739719+00:00] default.DEBUG: Get new updates from https://www.phpcrudgenerator.com/server-update-v2/update.json [] []
[2025-10-12T10:52:39.196985+00:00] default.DEBUG: No new version available [] []
[2025-10-12T10:53:44.575297+00:00] default.NOTICE: Checking for a new update... [] []
[2025-10-12T10:53:44.575849+00:00] default.DEBUG: Get new updates from https://www.phpcrudgenerator.com/server-update-v2/update.json [] []
[2025-10-12T10:53:45.336642+00:00] default.DEBUG: No new version available [] []
[2025-10-12T10:54:01.153191+00:00] default.NOTICE: Checking for a new update... [] []
[2025-10-12T10:54:01.153769+00:00] default.DEBUG: Get new updates from https://www.phpcrudgenerator.com/server-update-v2/update.json [] []
[2025-10-12T10:54:01.884186+00:00] default.DEBUG: No new version available [] []
[2025-10-12T11:04:36.638997+00:00] default.NOTICE: Checking for a new update... [] []
[2025-10-12T11:04:36.641330+00:00] default.DEBUG: Get new updates from https://www.phpcrudgenerator.com/server-update-v2/update.json [] []
[2025-10-12T11:04:37.800547+00:00] default.DEBUG: No new version available [] []
[2025-10-12T11:07:35.783353+00:00] default.NOTICE: Checking for a new update... [] []
[2025-10-12T11:07:35.783909+00:00] default.DEBUG: Get new updates from https://www.phpcrudgenerator.com/server-update-v2/update.json [] []
[2025-10-12T11:07:36.548975+00:00] default.DEBUG: No new version available [] []
[2025-10-12T11:07:52.166268+00:00] default.NOTICE: Checking for a new update... [] []
[2025-10-12T11:07:52.166751+00:00] default.DEBUG: Get new updates from https://www.phpcrudgenerator.com/server-update-v2/update.json [] []
[2025-10-12T11:07:53.257218+00:00] default.DEBUG: No new version available [] []
[2025-10-12T11:08:25.170893+00:00] default.NOTICE: Checking for a new update... [] []
[2025-10-12T11:08:25.171502+00:00] default.DEBUG: Get new updates from https://www.phpcrudgenerator.com/server-update-v2/update.json [] []
[2025-10-12T11:08:25.902256+00:00] default.DEBUG: No new version available [] []
[2025-10-12T11:08:37.384536+00:00] default.NOTICE: Checking for a new update... [] []
[2025-10-12T11:08:37.385042+00:00] default.DEBUG: Get new updates from https://www.phpcrudgenerator.com/server-update-v2/update.json [] []
[2025-10-12T11:08:38.143370+00:00] default.DEBUG: No new version available [] []
[2025-10-12T11:11:03.942921+00:00] default.NOTICE: Checking for a new update... [] []
[2025-10-12T11:11:03.943418+00:00] default.DEBUG: Get new updates from https://www.phpcrudgenerator.com/server-update-v2/update.json [] []
[2025-10-12T11:11:05.019687+00:00] default.DEBUG: No new version available [] []
[2025-10-12T11:12:30.243720+00:00] default.NOTICE: Checking for a new update... [] []
[2025-10-12T11:12:30.244318+00:00] default.DEBUG: Get new updates from https://www.phpcrudgenerator.com/server-update-v2/update.json [] []
[2025-10-12T11:12:31.004050+00:00] default.DEBUG: No new version available [] []
[2025-10-12T11:13:12.535238+00:00] default.NOTICE: Checking for a new update... [] []
[2025-10-12T11:13:12.535843+00:00] default.DEBUG: Get new updates from https://www.phpcrudgenerator.com/server-update-v2/update.json [] []
[2025-10-12T11:13:13.294274+00:00] default.DEBUG: No new version available [] []
[2025-10-12T11:13:33.532935+00:00] default.NOTICE: Checking for a new update... [] []
[2025-10-12T11:13:33.533555+00:00] default.DEBUG: Get new updates from https://www.phpcrudgenerator.com/server-update-v2/update.json [] []
[2025-10-12T11:13:34.297391+00:00] default.DEBUG: No new version available [] []
[2025-10-12T11:23:13.778961+00:00] default.NOTICE: Checking for a new update... [] []
[2025-10-12T11:23:13.783392+00:00] default.DEBUG: Get new updates from https://www.phpcrudgenerator.com/server-update-v2/update.json [] []
[2025-10-12T11:23:15.123758+00:00] default.DEBUG: No new version available [] []
[2025-10-12T11:23:43.914324+00:00] default.NOTICE: Checking for a new update... [] []
[2025-10-12T11:23:43.914915+00:00] default.DEBUG: Get new updates from https://www.phpcrudgenerator.com/server-update-v2/update.json [] []
[2025-10-12T11:23:44.676928+00:00] default.DEBUG: No new version available [] []
[2025-10-12T11:24:27.740949+00:00] default.NOTICE: Checking for a new update... [] []
[2025-10-12T11:24:27.741581+00:00] default.DEBUG: Get new updates from https://www.phpcrudgenerator.com/server-update-v2/update.json [] []
[2025-10-12T11:24:28.514856+00:00] default.DEBUG: No new version available [] []
[2025-10-12T11:24:42.691326+00:00] default.NOTICE: Checking for a new update... [] []
[2025-10-12T11:24:42.691876+00:00] default.DEBUG: Get new updates from https://www.phpcrudgenerator.com/server-update-v2/update.json [] []
[2025-10-12T11:24:43.452076+00:00] default.DEBUG: No new version available [] []
[2025-10-12T11:24:58.603209+00:00] default.NOTICE: Checking for a new update... [] []
[2025-10-12T11:24:58.603769+00:00] default.DEBUG: Get new updates from https://www.phpcrudgenerator.com/server-update-v2/update.json [] []
[2025-10-12T11:24:59.367919+00:00] default.DEBUG: No new version available [] []
[2025-10-12T11:25:13.189333+00:00] default.NOTICE: Checking for a new update... [] []
[2025-10-12T11:25:13.189940+00:00] default.DEBUG: Get new updates from https://www.phpcrudgenerator.com/server-update-v2/update.json [] []
[2025-10-12T11:25:13.952001+00:00] default.DEBUG: No new version available [] []
[2025-10-12T11:26:30.756947+00:00] default.NOTICE: Checking for a new update... [] []
[2025-10-12T11:26:30.757538+00:00] default.DEBUG: Get new updates from https://www.phpcrudgenerator.com/server-update-v2/update.json [] []
[2025-10-12T11:26:31.891875+00:00] default.DEBUG: No new version available [] []
[2025-10-12T11:26:43.221919+00:00] default.NOTICE: Checking for a new update... [] []
[2025-10-12T11:26:43.222358+00:00] default.DEBUG: Get new updates from https://www.phpcrudgenerator.com/server-update-v2/update.json [] []
[2025-10-12T11:26:43.987690+00:00] default.DEBUG: No new version available [] []
[2025-10-12T11:26:57.922334+00:00] default.NOTICE: Checking for a new update... [] []
[2025-10-12T11:26:57.922798+00:00] default.DEBUG: Get new updates from https://www.phpcrudgenerator.com/server-update-v2/update.json [] []
[2025-10-12T11:26:58.681075+00:00] default.DEBUG: No new version available [] []
[2025-10-12T11:27:25.815616+00:00] default.NOTICE: Checking for a new update... [] []
[2025-10-12T11:27:25.816168+00:00] default.DEBUG: Get new updates from https://www.phpcrudgenerator.com/server-update-v2/update.json [] []
[2025-10-12T11:27:26.574310+00:00] default.DEBUG: No new version available [] []
[2025-10-15T09:17:19.656106+00:00] default.NOTICE: Checking for a new update... [] []
[2025-10-15T09:17:19.662098+00:00] default.DEBUG: Get new updates from https://www.phpcrudgenerator.com/server-update-v2/update.json [] []
[2025-10-15T09:17:22.353846+00:00] default.DEBUG: No new version available [] []
[2025-10-15T09:22:42.637707+00:00] default.NOTICE: Checking for a new update... [] []
[2025-10-15T09:22:42.638301+00:00] default.DEBUG: Get new updates from https://www.phpcrudgenerator.com/server-update-v2/update.json [] []
[2025-10-15T09:22:44.730626+00:00] default.DEBUG: No new version available [] []
[2025-10-15T09:26:25.973936+00:00] default.NOTICE: Checking for a new update... [] []
[2025-10-15T09:26:25.976746+00:00] default.DEBUG: Get new updates from https://www.phpcrudgenerator.com/server-update-v2/update.json [] []
[2025-10-15T09:26:27.060493+00:00] default.DEBUG: No new version available [] []
[2025-10-17T06:40:16.767275+00:00] default.NOTICE: Checking for a new update... [] []
[2025-10-17T06:40:16.769987+00:00] default.DEBUG: Get new updates from https://www.phpcrudgenerator.com/server-update-v2/update.json [] []
[2025-10-17T06:40:19.505462+00:00] default.DEBUG: No new version available [] []
[2025-10-17T06:40:23.509642+00:00] default.NOTICE: Checking for a new update... [] []
[2025-10-17T06:40:23.511795+00:00] default.DEBUG: Get new updates from https://www.phpcrudgenerator.com/server-update-v2/update.json [] []
[2025-10-17T06:40:24.959907+00:00] default.DEBUG: No new version available [] []
[2025-10-17T06:47:19.549787+00:00] default.NOTICE: Checking for a new update... [] []
[2025-10-17T06:47:19.553361+00:00] default.DEBUG: Get new updates from https://www.phpcrudgenerator.com/server-update-v2/update.json [] []
[2025-10-17T06:47:22.408953+00:00] default.DEBUG: No new version available [] []
[2025-10-17T06:47:42.167804+00:00] default.NOTICE: Checking for a new update... [] []
[2025-10-17T06:47:42.169842+00:00] default.DEBUG: Get new updates from https://www.phpcrudgenerator.com/server-update-v2/update.json [] []
[2025-10-17T06:47:43.509944+00:00] default.DEBUG: No new version available [] []
[2025-10-17T06:48:40.169625+00:00] default.NOTICE: Checking for a new update... [] []
[2025-10-17T06:48:40.171677+00:00] default.DEBUG: Get new updates from https://www.phpcrudgenerator.com/server-update-v2/update.json [] []
[2025-10-17T06:48:42.599232+00:00] default.DEBUG: No new version available [] []
